0 info it worked if it ends with ok
1 verbose cli [ 'node', '/usr/local/bin/npm', 'install', 'oracle' ]
2 info using npm@2.1.10
3 info using node@v0.10.33
4 verbose node symlink /usr/local/bin/node
5 silly cache add args [ 'oracle', null ]
6 verbose cache add spec oracle
7 silly cache add parsed spec { raw: 'oracle',
7 silly cache add   scope: null,
7 silly cache add   name: 'oracle',
7 silly cache add   rawSpec: '',
7 silly cache add   spec: '*',
7 silly cache add   type: 'range' }
8 verbose addNamed oracle@*
9 silly addNamed semver.valid null
10 silly addNamed semver.validRange *
11 silly addNameRange { name: 'oracle', range: '*', hasData: false }
12 silly mapToRegistry name oracle
13 silly mapToRegistry using default registry
14 silly mapToRegistry registry https://registry.npmjs.org/
15 silly mapToRegistry uri https://registry.npmjs.org/oracle
16 verbose addNameRange registry:https://registry.npmjs.org/oracle not in flight; fetching
17 verbose request uri https://registry.npmjs.org/oracle
18 verbose request no auth needed
19 info attempt registry request try #1 at 15:14:55
20 verbose request id 0d01ae4986c9acf0
21 http request GET https://registry.npmjs.org/oracle
22 http 200 https://registry.npmjs.org/oracle
23 silly get cb [ 200,
23 silly get   { date: 'Sun, 30 Nov 2014 20:14:56 GMT',
23 silly get     server: 'CouchDB/1.5.0 (Erlang OTP/R16B03)',
23 silly get     etag: '"56BC4W4T86W4ZVUSI8YAJCFFW"',
23 silly get     'content-type': 'application/json',
23 silly get     'cache-control': 'max-age=60',
23 silly get     'content-length': '23115',
23 silly get     'accept-ranges': 'bytes',
23 silly get     via: '1.1 varnish',
23 silly get     age: '0',
23 silly get     'x-served-by': 'cache-atl6225-ATL',
23 silly get     'x-cache': 'MISS',
23 silly get     'x-cache-hits': '0',
23 silly get     'x-timer': 'S1417378496.328318,VS0,VE22',
23 silly get     vary: 'Accept',
23 silly get     'keep-alive': 'timeout=10, max=50',
23 silly get     connection: 'Keep-Alive' } ]
24 silly addNameRange number 2 { name: 'oracle', range: '*', hasData: true }
25 silly addNameRange versions [ 'oracle',
25 silly addNameRange   [ '0.1.0',
25 silly addNameRange     '0.1.1',
25 silly addNameRange     '0.1.2',
25 silly addNameRange     '0.1.3',
25 silly addNameRange     '0.2.0',
25 silly addNameRange     '0.3.0',
25 silly addNameRange     '0.3.1',
25 silly addNameRange     '0.3.2',
25 silly addNameRange     '0.3.3',
25 silly addNameRange     '0.3.4',
25 silly addNameRange     '0.3.5',
25 silly addNameRange     '0.3.6',
25 silly addNameRange     '0.3.7' ] ]
26 verbose addNamed oracle@0.3.7
27 silly addNamed semver.valid 0.3.7
28 silly addNamed semver.validRange 0.3.7
29 silly mapToRegistry name oracle
30 silly mapToRegistry using default registry
31 silly mapToRegistry registry https://registry.npmjs.org/
32 silly mapToRegistry uri https://registry.npmjs.org/oracle
33 verbose addRemoteTarball https://registry.npmjs.org/oracle/-/oracle-0.3.7.tgz not in flight; adding
34 verbose addRemoteTarball [ 'https://registry.npmjs.org/oracle/-/oracle-0.3.7.tgz',
34 verbose addRemoteTarball   'b525ef6be174e065bc586189ff06c07f32248551' ]
35 info retry fetch attempt 1 at 15:14:55
36 info attempt registry request try #1 at 15:14:55
37 http fetch GET https://registry.npmjs.org/oracle/-/oracle-0.3.7.tgz
38 http fetch 200 https://registry.npmjs.org/oracle/-/oracle-0.3.7.tgz
39 silly fetchAndShaCheck shasum b525ef6be174e065bc586189ff06c07f32248551
40 verbose addTmpTarball /var/folders/56/958dwtf51svfnfpcrdfzy3tr0000gn/T/npm-26462-9f9010af/registry.npmjs.org/oracle/-/oracle-0.3.7.tgz not in flight; adding
41 verbose addTmpTarball already have metadata; skipping unpack for oracle@0.3.7
42 silly cache afterAdd oracle@0.3.7
43 verbose afterAdd /Users/danzhang/.npm/oracle/0.3.7/package/package.json not in flight; writing
44 verbose afterAdd /Users/danzhang/.npm/oracle/0.3.7/package/package.json written
45 silly install resolved [ { name: 'oracle',
45 silly install resolved     description: 'Oracle database driver',
45 silly install resolved     keywords: [ 'database', 'db', 'oracle' ],
45 silly install resolved     homepage: 'https://github.com/joeferner/node-oracle',
45 silly install resolved     license: 'MIT',
45 silly install resolved     version: '0.3.7',
45 silly install resolved     engines: { node: '>=0.6.0' },
45 silly install resolved     maintainers: [ [Object] ],
45 silly install resolved     bugs: { url: 'https://github.com/joeferner/node-oracle/issues' },
45 silly install resolved     repository:
45 silly install resolved      { type: 'git',
45 silly install resolved        url: 'git://github.com/joeferner/node-oracle.git' },
45 silly install resolved     dependencies: {},
45 silly install resolved     devDependencies: { nodeunit: '~>0.8.0' },
45 silly install resolved     scripts:
45 silly install resolved      { test: 'nodeunit test/integration.js test/outparams.js',
45 silly install resolved        install: 'node-gyp rebuild' },
45 silly install resolved     main: './index.js',
45 silly install resolved     gypfile: true,
45 silly install resolved     _id: 'oracle@0.3.7',
45 silly install resolved     _shasum: 'b525ef6be174e065bc586189ff06c07f32248551',
45 silly install resolved     _from: 'oracle@*',
45 silly install resolved     _npmVersion: '1.4.10',
45 silly install resolved     _npmUser: { name: 'joeferner', email: 'joe@fernsroth.com' },
45 silly install resolved     dist:
45 silly install resolved      { shasum: 'b525ef6be174e065bc586189ff06c07f32248551',
45 silly install resolved        tarball: 'http://registry.npmjs.org/oracle/-/oracle-0.3.7.tgz' },
45 silly install resolved     directories: {},
45 silly install resolved     _resolved: 'https://registry.npmjs.org/oracle/-/oracle-0.3.7.tgz' } ]
46 info install oracle@0.3.7 into /Volumes/MacintoshHD/Dropbox/CIS550Proj/tripsterjs/tripsterjs
47 info installOne oracle@0.3.7
48 verbose installOne of oracle to /Volumes/MacintoshHD/Dropbox/CIS550Proj/tripsterjs/tripsterjs not in flight; installing
49 verbose lock using /Users/danzhang/.npm/_locks/oracle-497910ec7855290f.lock for /Volumes/MacintoshHD/Dropbox/CIS550Proj/tripsterjs/tripsterjs/node_modules/oracle
50 silly install write writing oracle 0.3.7 to /Volumes/MacintoshHD/Dropbox/CIS550Proj/tripsterjs/tripsterjs/node_modules/oracle
51 silly cache addNamed cb oracle@0.3.7
52 verbose unbuild node_modules/oracle
53 verbose gentlyRm vacuuming /Volumes/MacintoshHD/Dropbox/CIS550Proj/tripsterjs/tripsterjs/node_modules/oracle
54 verbose tar unpack /Users/danzhang/.npm/oracle/0.3.7/package.tgz
55 verbose tar unpacking to /Volumes/MacintoshHD/Dropbox/CIS550Proj/tripsterjs/tripsterjs/node_modules/oracle
56 verbose gentlyRm vacuuming /Volumes/MacintoshHD/Dropbox/CIS550Proj/tripsterjs/tripsterjs/node_modules/oracle
57 silly gunzTarPerm modes [ '755', '644' ]
58 silly gunzTarPerm extractEntry package.json
59 silly gunzTarPerm modified mode [ 'package.json', 436, 420 ]
60 silly gunzTarPerm extractEntry .npmignore
61 silly gunzTarPerm extractEntry README.md
62 silly gunzTarPerm modified mode [ 'README.md', 436, 420 ]
63 silly gunzTarPerm extractEntry LICENSE
64 silly gunzTarPerm extractEntry index.js
65 silly gunzTarPerm modified mode [ 'index.js', 436, 420 ]
66 silly gunzTarPerm extractEntry INSTALL.md
67 silly gunzTarPerm extractEntry lib/oracle.js
68 silly gunzTarPerm extractEntry binding.gyp
69 silly gunzTarPerm modified mode [ 'binding.gyp', 436, 420 ]
70 silly gunzTarPerm extractEntry src/outParam.h
71 silly gunzTarPerm extractEntry src/commitBaton.h
72 silly gunzTarPerm extractEntry src/connection.h
73 silly gunzTarPerm extractEntry src/executeBaton.cpp
74 silly gunzTarPerm extractEntry src/executeBaton.h
75 silly gunzTarPerm extractEntry src/nodeOracleException.h
76 silly gunzTarPerm extractEntry src/oracle_bindings.cpp
77 silly gunzTarPerm modified mode [ 'src/oracle_bindings.cpp', 436, 420 ]
78 silly gunzTarPerm extractEntry src/oracle_bindings.h
79 silly gunzTarPerm extractEntry src/outParam.cpp
80 silly gunzTarPerm extractEntry src/connection.cpp
81 silly gunzTarPerm modified mode [ 'src/connection.cpp', 436, 420 ]
82 silly gunzTarPerm extractEntry src/reader.cpp
83 silly gunzTarPerm extractEntry src/reader.h
84 silly gunzTarPerm extractEntry src/readerBaton.h
85 silly gunzTarPerm extractEntry src/rollbackBaton.h
86 silly gunzTarPerm extractEntry src/statement.cpp
87 silly gunzTarPerm extractEntry src/statement.h
88 silly gunzTarPerm extractEntry src/statementBaton.h
89 silly gunzTarPerm extractEntry src/utils.h
90 silly gunzTarPerm extractEntry test/integration.js
91 silly gunzTarPerm extractEntry test/outparams.js
92 silly gunzTarPerm modified mode [ 'test/outparams.js', 436, 420 ]
93 silly gunzTarPerm extractEntry test/prepare.js
94 silly gunzTarPerm extractEntry test/reader.js
95 silly gunzTarPerm extractEntry tests-settings.json
96 silly gunzTarPerm modified mode [ 'tests-settings.json', 436, 420 ]
97 info preinstall oracle@0.3.7
98 silly install resolved []
99 verbose about to build /Volumes/MacintoshHD/Dropbox/CIS550Proj/tripsterjs/tripsterjs/node_modules/oracle
100 info build /Volumes/MacintoshHD/Dropbox/CIS550Proj/tripsterjs/tripsterjs/node_modules/oracle
101 verbose linkStuff [ false,
101 verbose linkStuff   false,
101 verbose linkStuff   false,
101 verbose linkStuff   '/Volumes/MacintoshHD/Dropbox/CIS550Proj/tripsterjs/tripsterjs/node_modules' ]
102 info linkStuff oracle@0.3.7
103 verbose linkBins oracle@0.3.7
104 verbose linkMans oracle@0.3.7
105 verbose rebuildBundles oracle@0.3.7
106 info install oracle@0.3.7
107 verbose unsafe-perm in lifecycle true
108 info oracle@0.3.7 Failed to exec install script
109 verbose unlock done using /Users/danzhang/.npm/_locks/oracle-497910ec7855290f.lock for /Volumes/MacintoshHD/Dropbox/CIS550Proj/tripsterjs/tripsterjs/node_modules/oracle
110 verbose stack Error: oracle@0.3.7 install: `node-gyp rebuild`
110 verbose stack Exit status 1
110 verbose stack     at EventEmitter.<anonymous> (/usr/local/lib/node_modules/npm/lib/utils/lifecycle.js:212:16)
110 verbose stack     at EventEmitter.emit (events.js:98:17)
110 verbose stack     at ChildProcess.<anonymous> (/usr/local/lib/node_modules/npm/lib/utils/spawn.js:14:12)
110 verbose stack     at ChildProcess.emit (events.js:98:17)
110 verbose stack     at maybeClose (child_process.js:756:16)
110 verbose stack     at Process.ChildProcess._handle.onexit (child_process.js:823:5)
111 verbose pkgid oracle@0.3.7
112 verbose cwd /Volumes/MacintoshHD/Dropbox/CIS550Proj/tripsterjs/tripsterjs
113 error Darwin 14.0.0
114 error argv "node" "/usr/local/bin/npm" "install" "oracle"
115 error node v0.10.33
116 error npm  v2.1.10
117 error code ELIFECYCLE
118 error oracle@0.3.7 install: `node-gyp rebuild`
118 error Exit status 1
119 error Failed at the oracle@0.3.7 install script 'node-gyp rebuild'.
119 error This is most likely a problem with the oracle package,
119 error not with npm itself.
119 error Tell the author that this fails on your system:
119 error     node-gyp rebuild
119 error You can get their info via:
119 error     npm owner ls oracle
119 error There is likely additional logging output above.
120 verbose exit [ 1, true ]
121 verbose unbuild node_modules/oracle
122 info preuninstall oracle@0.3.7
123 info uninstall oracle@0.3.7
124 verbose unbuild rmStuff oracle@0.3.7 from /Volumes/MacintoshHD/Dropbox/CIS550Proj/tripsterjs/tripsterjs/node_modules
125 info postuninstall oracle@0.3.7
126 verbose gentlyRm vacuuming /Volumes/MacintoshHD/Dropbox/CIS550Proj/tripsterjs/tripsterjs/node_modules/oracle
127 silly gentlyRm purging /Volumes/MacintoshHD/Dropbox/CIS550Proj/tripsterjs/tripsterjs/node_modules/oracle
128 silly gentlyRm quitting because other entries in /Volumes/MacintoshHD/Dropbox/CIS550Proj/tripsterjs/tripsterjs/node_modules
